<?xml version="1.0" encoding="UTF-8"?>
<testng-results ignored="0" total="1" passed="1" failed="0" skipped="0">
  <reporter-output>
  </reporter-output>
  <suite started-at="2019-08-10T21:21:50Z" name="Default suite" finished-at="2019-08-10T21:21:53Z" duration-ms="3534">
    <groups>
    </groups>
    <test started-at="2019-08-10T21:21:50Z" name="Default test" finished-at="2019-08-10T21:21:53Z" duration-ms="3534">
      <class name="devops_cert_project.devops_phpwebsite_project_2019.Websitecheck">
        <test-method is-config="true" signature="beforeClass()[pri:0, instance:devops_cert_project.devops_phpwebsite_project_2019.Websitecheck@1a9c38eb]" started-at="2019-08-10T21:21:50Z" name="beforeClass" finished-at="2019-08-10T21:21:51Z" duration-ms="1309" status="PASS">
          <reporter-output>
          </reporter-output>
        </test-method> <!-- beforeClass -->
        <test-method signature="f()[pri:0, instance:devops_cert_project.devops_phpwebsite_project_2019.Websitecheck@1a9c38eb]" started-at="2019-08-10T21:21:51Z" name="f" finished-at="2019-08-10T21:21:53Z" duration-ms="2136" status="PASS">
          <reporter-output>
          </reporter-output>
        </test-method> <!-- f -->
        <test-method is-config="true" signature="afterClass()[pri:0, instance:devops_cert_project.devops_phpwebsite_project_2019.Websitecheck@1a9c38eb]" started-at="2019-08-10T21:21:53Z" name="afterClass" finished-at="2019-08-10T21:21:53Z" duration-ms="62" status="PASS">
          <reporter-output>
          </reporter-output>
        </test-method> <!-- afterClass -->
      </class> <!-- devops_cert_project.devops_phpwebsite_project_2019.Websitecheck -->
    </test> <!-- Default test -->
  </suite> <!-- Default suite -->
</testng-results>
