<?xml version="1.0" encoding="UTF-8"?>
<testng-results ignored="0" total="1" passed="1" failed="0" skipped="0">
  <reporter-output>
  </reporter-output>
  <suite started-at="2019-08-10T21:08:00Z" name="WebDriver" finished-at="2019-08-10T21:08:03Z" duration-ms="3582">
    <groups>
    </groups>
    <test started-at="2019-08-10T21:08:00Z" name="Maven WebSite Test" finished-at="2019-08-10T21:08:03Z" duration-ms="3582">
      <class name="devops_cert_project.devops_phpwebsite_project_2019.Websitecheck">
        <test-method is-config="true" signature="beforeClass()[pri:0, instance:devops_cert_project.devops_phpwebsite_project_2019.Websitecheck@119020fb]" started-at="2019-08-10T21:08:00Z" name="beforeClass" finished-at="2019-08-10T21:08:01Z" duration-ms="1361" status="PASS">
          <reporter-output>
          </reporter-output>
        </test-method> <!-- beforeClass -->
        <test-method signature="f()[pri:0, instance:devops_cert_project.devops_phpwebsite_project_2019.Websitecheck@119020fb]" started-at="2019-08-10T21:08:01Z" name="f" finished-at="2019-08-10T21:08:03Z" duration-ms="2148" status="PASS">
          <reporter-output>
          </reporter-output>
        </test-method> <!-- f -->
        <test-method is-config="true" signature="afterClass()[pri:0, instance:devops_cert_project.devops_phpwebsite_project_2019.Websitecheck@119020fb]" started-at="2019-08-10T21:08:03Z" name="afterClass" finished-at="2019-08-10T21:08:03Z" duration-ms="52" status="PASS">
          <reporter-output>
          </reporter-output>
        </test-method> <!-- afterClass -->
      </class> <!-- devops_cert_project.devops_phpwebsite_project_2019.Websitecheck -->
    </test> <!-- Maven WebSite Test -->
  </suite> <!-- WebDriver -->
</testng-results>
